<?xml version="1.0" encoding="UTF-8"?>
<!-- Generated by org.testng.reporters.JUnitReportReporter -->
<testsuite hostname="DESKTOP-MKNCP1I" failures="0" tests="1" name="jenkins.java.$1_BluestoneGoldCoin" time="14.209" errors="0" timestamp="26 Apr 2019 05:56:00 GMT" skipped="0">
  <testcase classname="jenkins.java.$1_BluestoneGoldCoin" name="f" time="14.209"/>
</testsuite> <!-- jenkins.java.$1_BluestoneGoldCoin -->
