<?xml version="1.0" encoding="UTF-8"?>
<!-- Generated by org.testng.reporters.JUnitReportReporter -->
<testsuite hostname="DESKTOP-MKNCP1I" failures="0" tests="1" name="jenkins.java.SeleniumhqTitle" time="17.619" errors="0" timestamp="25 Apr 2019 11:34:48 GMT" skipped="0">
  <testcase classname="jenkins.java.SeleniumhqTitle" name="getTitlel" time="17.619"/>
</testsuite> <!-- jenkins.java.SeleniumhqTitle -->
