<?xml version="1.0" encoding="UTF-8"?>
<!-- Generated by org.testng.reporters.JUnitReportReporter -->
<testsuite hostname="DESKTOP-MKNCP1I" failures="0" tests="1" name="jenkins.java.SeleniumhqTitle" time="9.714" errors="0" timestamp="26 Apr 2019 04:23:58 GMT" skipped="0">
  <testcase classname="jenkins.java.SeleniumhqTitle" name="getTitlel" time="9.714"/>
</testsuite> <!-- jenkins.java.SeleniumhqTitle -->
